2026-01-02 13:18:33.410 +02:00 [INF] User profile is available. Using 'C:\Users\Halim\AppData\Local\ASP.NET\DataProtection-Keys' as key repository and Windows DPAPI to encrypt keys at rest.
2026-01-02 13:18:33.533 +02:00 [WRN] The WebRootPath was not found: D:\RealProjects-BackEnd-.Net\ERP System\ResturantManageSystemSolution\ResturantManageSystem\wwwroot. Static files may be unavailable.
2026-01-02 13:18:33.641 +02:00 [INF] Now listening on: https://localhost:7054
2026-01-02 13:18:33.642 +02:00 [INF] Now listening on: http://localhost:5258
2026-01-02 13:18:33.705 +02:00 [INF] Application started. Press Ctrl+C to shut down.
2026-01-02 13:18:33.706 +02:00 [INF] Hosting environment: Development
2026-01-02 13:18:33.706 +02:00 [INF] Content root path: D:\RealProjects-BackEnd-.Net\ERP System\ResturantManageSystemSolution\ResturantManageSystem
2026-01-02 13:18:34.562 +02:00 [INF] Request starting HTTP/2 GET https://localhost:7054/swagger - null null
2026-01-02 13:18:34.816 +02:00 [INF] Request finished HTTP/2 GET https://localhost:7054/swagger - 301 0 null 260.7918ms
2026-01-02 13:18:34.827 +02:00 [INF] Request starting HTTP/2 GET https://localhost:7054/swagger/index.html - null null
2026-01-02 13:18:34.926 +02:00 [INF] Request finished HTTP/2 GET https://localhost:7054/swagger/index.html - 200 null text/html;charset=utf-8 99.3974ms
2026-01-02 13:18:34.951 +02:00 [INF] Request starting HTTP/2 GET https://localhost:7054/swagger/swagger-ui.css - null null
2026-01-02 13:18:34.951 +02:00 [INF] Request starting HTTP/2 GET https://localhost:7054/swagger/swagger-ui-bundle.js - null null
2026-01-02 13:18:34.953 +02:00 [INF] Request starting HTTP/2 GET https://localhost:7054/swagger/swagger-ui-standalone-preset.js - null null
2026-01-02 13:18:34.953 +02:00 [INF] Request starting HTTP/2 GET https://localhost:7054/_framework/aspnetcore-browser-refresh.js - null null
2026-01-02 13:18:35.004 +02:00 [INF] Request starting HTTP/2 GET https://localhost:7054/_vs/browserLink - null null
2026-01-02 13:18:35.010 +02:00 [INF] Request finished HTTP/2 GET https://localhost:7054/_framework/aspnetcore-browser-refresh.js - 200 16535 application/javascript; charset=utf-8 56.2666ms
2026-01-02 13:18:35.063 +02:00 [INF] Sending file. Request path: '/swagger-ui.css'. Physical path: 'N/A'
2026-01-02 13:18:35.064 +02:00 [INF] Sending file. Request path: '/swagger-ui-standalone-preset.js'. Physical path: 'N/A'
2026-01-02 13:18:35.066 +02:00 [INF] Request finished HTTP/2 GET https://localhost:7054/swagger/swagger-ui.css - 200 152034 text/css 115.7907ms
2026-01-02 13:18:35.067 +02:00 [INF] Request finished HTTP/2 GET https://localhost:7054/swagger/swagger-ui-standalone-preset.js - 200 230280 text/javascript 114.1425ms
2026-01-02 13:18:35.112 +02:00 [INF] Sending file. Request path: '/swagger-ui-bundle.js'. Physical path: 'N/A'
2026-01-02 13:18:35.114 +02:00 [INF] Request finished HTTP/2 GET https://localhost:7054/_vs/browserLink - 200 null text/javascript; charset=UTF-8 109.8799ms
2026-01-02 13:18:35.115 +02:00 [INF] Request finished HTTP/2 GET https://localhost:7054/swagger/swagger-ui-bundle.js - 200 1456926 text/javascript 164.0118ms
2026-01-02 13:18:35.369 +02:00 [INF] Request starting HTTP/2 GET https://localhost:7054/swagger/v1/swagger.json - null null
2026-01-02 13:18:35.376 +02:00 [INF] Request starting HTTP/2 GET https://localhost:7054/swagger/favicon-32x32.png - null null
2026-01-02 13:18:35.381 +02:00 [INF] Sending file. Request path: '/favicon-32x32.png'. Physical path: 'N/A'
2026-01-02 13:18:35.383 +02:00 [INF] Request finished HTTP/2 GET https://localhost:7054/swagger/favicon-32x32.png - 200 628 image/png 6.9486ms
2026-01-02 13:18:35.403 +02:00 [INF] Request starting HTTP/2 GET https://localhost:7054/_framework/aspnetcore-browser-refresh.js - null null
2026-01-02 13:18:35.403 +02:00 [INF] Request starting HTTP/2 GET https://localhost:7054/_vs/browserLink - null null
2026-01-02 13:18:35.403 +02:00 [INF] Request starting HTTP/2 GET https://localhost:7054/swagger/swagger-ui-standalone-preset.js - null null
2026-01-02 13:18:35.403 +02:00 [INF] Request starting HTTP/2 GET https://localhost:7054/swagger/swagger-ui-bundle.js - null null
2026-01-02 13:18:35.408 +02:00 [INF] Request finished HTTP/2 GET https://localhost:7054/_framework/aspnetcore-browser-refresh.js - 200 16535 application/javascript; charset=utf-8 5.7871ms
2026-01-02 13:18:35.429 +02:00 [INF] Sending file. Request path: '/swagger-ui-standalone-preset.js'. Physical path: 'N/A'
2026-01-02 13:18:35.436 +02:00 [INF] Request finished HTTP/2 GET https://localhost:7054/_vs/browserLink - 200 null text/javascript; charset=UTF-8 33.1305ms
2026-01-02 13:18:35.439 +02:00 [INF] Request finished HTTP/2 GET https://localhost:7054/swagger/swagger-ui-standalone-preset.js - 200 230280 text/javascript 36.5166ms
2026-01-02 13:18:35.469 +02:00 [INF] Sending file. Request path: '/swagger-ui-bundle.js'. Physical path: 'N/A'
2026-01-02 13:18:35.471 +02:00 [INF] Request finished HTTP/2 GET https://localhost:7054/swagger/swagger-ui-bundle.js - 200 1456926 text/javascript 68.7756ms
2026-01-02 13:18:35.494 +02:00 [INF] Request finished HTTP/2 GET https://localhost:7054/swagger/v1/swagger.json - 200 null application/json;charset=utf-8 125.0174ms
2026-01-02 13:19:00.436 +02:00 [INF] Request starting HTTP/2 OPTIONS https://localhost:7054/api/table - null null
2026-01-02 13:19:00.436 +02:00 [INF] Request starting HTTP/2 OPTIONS https://localhost:7054/api/order?page=1&pageSize=100 - null null
2026-01-02 13:19:00.436 +02:00 [INF] Request starting HTTP/2 OPTIONS https://localhost:7054/api/menu/items?page=1&pageSize=1000 - null null
2026-01-02 13:19:00.436 +02:00 [INF] Request starting HTTP/2 OPTIONS https://localhost:7054/api/menu/items?page=1&pageSize=100 - null null
2026-01-02 13:19:00.436 +02:00 [INF] Request starting HTTP/2 OPTIONS https://localhost:7054/api/menu/categories - null null
2026-01-02 13:19:00.452 +02:00 [INF] CORS policy execution successful.
2026-01-02 13:19:00.452 +02:00 [INF] CORS policy execution successful.
2026-01-02 13:19:00.452 +02:00 [INF] CORS policy execution successful.
2026-01-02 13:19:00.454 +02:00 [INF] CORS policy execution successful.
2026-01-02 13:19:00.455 +02:00 [INF] CORS policy execution successful.
2026-01-02 13:19:00.457 +02:00 [INF] Request finished HTTP/2 OPTIONS https://localhost:7054/api/order?page=1&pageSize=100 - 204 null null 21.3612ms
2026-01-02 13:19:00.457 +02:00 [INF] Request finished HTTP/2 OPTIONS https://localhost:7054/api/menu/items?page=1&pageSize=1000 - 204 null null 21.3602ms
2026-01-02 13:19:00.457 +02:00 [INF] Request finished HTTP/2 OPTIONS https://localhost:7054/api/table - 204 null null 21.5645ms
2026-01-02 13:19:00.458 +02:00 [INF] Request finished HTTP/2 OPTIONS https://localhost:7054/api/menu/items?page=1&pageSize=100 - 204 null null 21.6297ms
2026-01-02 13:19:00.464 +02:00 [INF] Request finished HTTP/2 OPTIONS https://localhost:7054/api/menu/categories - 204 null null 27.9025ms
2026-01-02 13:19:00.467 +02:00 [INF] Request starting HTTP/2 GET https://localhost:7054/api/table - application/json null
2026-01-02 13:19:00.467 +02:00 [INF] Request starting HTTP/2 GET https://localhost:7054/api/menu/items?page=1&pageSize=1000 - null null
2026-01-02 13:19:00.467 +02:00 [INF] Request starting HTTP/2 GET https://localhost:7054/api/order?page=1&pageSize=100 - null null
2026-01-02 13:19:00.467 +02:00 [INF] Request starting HTTP/2 GET https://localhost:7054/api/menu/items?page=1&pageSize=100 - null null
2026-01-02 13:19:00.484 +02:00 [INF] Request starting HTTP/2 GET https://localhost:7054/api/menu/categories - null null
2026-01-02 13:19:00.494 +02:00 [INF] CORS policy execution successful.
2026-01-02 13:19:00.501 +02:00 [INF] CORS policy execution successful.
2026-01-02 13:19:00.502 +02:00 [INF] CORS policy execution successful.
2026-01-02 13:19:00.503 +02:00 [INF] CORS policy execution successful.
2026-01-02 13:19:00.504 +02:00 [INF] CORS policy execution successful.
2026-01-02 13:19:01.456 +02:00 [INF] Failed to validate the token.
Microsoft.IdentityModel.Tokens.SecurityTokenExpiredException: IDX10223: Lifetime validation failed. The token is expired. ValidTo (UTC): '1/1/2026 2:04:13 AM', Current time (UTC): '1/2/2026 11:19:01 AM'.
   at Microsoft.IdentityModel.Tokens.ValidatorUtilities.ValidateLifetime(Nullable`1 notBefore, Nullable`1 expires, SecurityToken securityToken, TokenValidationParameters validationParameters)
   at Microsoft.IdentityModel.Tokens.Validators.ValidateLifetime(Nullable`1 notBefore, Nullable`1 expires, SecurityToken securityToken, TokenValidationParameters validationParameters)
   at Microsoft.IdentityModel.JsonWebTokens.JsonWebTokenHandler.ValidateTokenPayloadAsync(JsonWebToken jsonWebToken, TokenValidationParameters validationParameters, BaseConfiguration configuration)
   at Microsoft.IdentityModel.JsonWebTokens.JsonWebTokenHandler.ValidateJWSAsync(JsonWebToken jsonWebToken, TokenValidationParameters validationParameters, BaseConfiguration configuration)
2026-01-02 13:19:01.456 +02:00 [INF] Failed to validate the token.
Microsoft.IdentityModel.Tokens.SecurityTokenExpiredException: IDX10223: Lifetime validation failed. The token is expired. ValidTo (UTC): '1/1/2026 2:04:13 AM', Current time (UTC): '1/2/2026 11:19:01 AM'.
   at Microsoft.IdentityModel.Tokens.ValidatorUtilities.ValidateLifetime(Nullable`1 notBefore, Nullable`1 expires, SecurityToken securityToken, TokenValidationParameters validationParameters)
   at Microsoft.IdentityModel.Tokens.Validators.ValidateLifetime(Nullable`1 notBefore, Nullable`1 expires, SecurityToken securityToken, TokenValidationParameters validationParameters)
   at Microsoft.IdentityModel.JsonWebTokens.JsonWebTokenHandler.ValidateTokenPayloadAsync(JsonWebToken jsonWebToken, TokenValidationParameters validationParameters, BaseConfiguration configuration)
   at Microsoft.IdentityModel.JsonWebTokens.JsonWebTokenHandler.ValidateJWSAsync(JsonWebToken jsonWebToken, TokenValidationParameters validationParameters, BaseConfiguration configuration)
2026-01-02 13:19:01.456 +02:00 [INF] Failed to validate the token.
Microsoft.IdentityModel.Tokens.SecurityTokenExpiredException: IDX10223: Lifetime validation failed. The token is expired. ValidTo (UTC): '1/1/2026 2:04:13 AM', Current time (UTC): '1/2/2026 11:19:01 AM'.
   at Microsoft.IdentityModel.Tokens.ValidatorUtilities.ValidateLifetime(Nullable`1 notBefore, Nullable`1 expires, SecurityToken securityToken, TokenValidationParameters validationParameters)
   at Microsoft.IdentityModel.Tokens.Validators.ValidateLifetime(Nullable`1 notBefore, Nullable`1 expires, SecurityToken securityToken, TokenValidationParameters validationParameters)
   at Microsoft.IdentityModel.JsonWebTokens.JsonWebTokenHandler.ValidateTokenPayloadAsync(JsonWebToken jsonWebToken, TokenValidationParameters validationParameters, BaseConfiguration configuration)
   at Microsoft.IdentityModel.JsonWebTokens.JsonWebTokenHandler.ValidateJWSAsync(JsonWebToken jsonWebToken, TokenValidationParameters validationParameters, BaseConfiguration configuration)
2026-01-02 13:19:01.456 +02:00 [INF] Failed to validate the token.
Microsoft.IdentityModel.Tokens.SecurityTokenExpiredException: IDX10223: Lifetime validation failed. The token is expired. ValidTo (UTC): '1/1/2026 2:04:13 AM', Current time (UTC): '1/2/2026 11:19:01 AM'.
   at Microsoft.IdentityModel.Tokens.ValidatorUtilities.ValidateLifetime(Nullable`1 notBefore, Nullable`1 expires, SecurityToken securityToken, TokenValidationParameters validationParameters)
   at Microsoft.IdentityModel.Tokens.Validators.ValidateLifetime(Nullable`1 notBefore, Nullable`1 expires, SecurityToken securityToken, TokenValidationParameters validationParameters)
   at Microsoft.IdentityModel.JsonWebTokens.JsonWebTokenHandler.ValidateTokenPayloadAsync(JsonWebToken jsonWebToken, TokenValidationParameters validationParameters, BaseConfiguration configuration)
   at Microsoft.IdentityModel.JsonWebTokens.JsonWebTokenHandler.ValidateJWSAsync(JsonWebToken jsonWebToken, TokenValidationParameters validationParameters, BaseConfiguration configuration)
2026-01-02 13:19:01.456 +02:00 [INF] Failed to validate the token.
Microsoft.IdentityModel.Tokens.SecurityTokenExpiredException: IDX10223: Lifetime validation failed. The token is expired. ValidTo (UTC): '1/1/2026 2:04:13 AM', Current time (UTC): '1/2/2026 11:19:01 AM'.
   at Microsoft.IdentityModel.Tokens.ValidatorUtilities.ValidateLifetime(Nullable`1 notBefore, Nullable`1 expires, SecurityToken securityToken, TokenValidationParameters validationParameters)
   at Microsoft.IdentityModel.Tokens.Validators.ValidateLifetime(Nullable`1 notBefore, Nullable`1 expires, SecurityToken securityToken, TokenValidationParameters validationParameters)
   at Microsoft.IdentityModel.JsonWebTokens.JsonWebTokenHandler.ValidateTokenPayloadAsync(JsonWebToken jsonWebToken, TokenValidationParameters validationParameters, BaseConfiguration configuration)
   at Microsoft.IdentityModel.JsonWebTokens.JsonWebTokenHandler.ValidateJWSAsync(JsonWebToken jsonWebToken, TokenValidationParameters validationParameters, BaseConfiguration configuration)
2026-01-02 13:19:01.509 +02:00 [INF] Bearer was not authenticated. Failure message: IDX10223: Lifetime validation failed. The token is expired. ValidTo (UTC): '1/1/2026 2:04:13 AM', Current time (UTC): '1/2/2026 11:19:01 AM'.
2026-01-02 13:19:01.510 +02:00 [INF] Bearer was not authenticated. Failure message: IDX10223: Lifetime validation failed. The token is expired. ValidTo (UTC): '1/1/2026 2:04:13 AM', Current time (UTC): '1/2/2026 11:19:01 AM'.
2026-01-02 13:19:01.511 +02:00 [INF] Bearer was not authenticated. Failure message: IDX10223: Lifetime validation failed. The token is expired. ValidTo (UTC): '1/1/2026 2:04:13 AM', Current time (UTC): '1/2/2026 11:19:01 AM'.
2026-01-02 13:19:01.512 +02:00 [INF] Bearer was not authenticated. Failure message: IDX10223: Lifetime validation failed. The token is expired. ValidTo (UTC): '1/1/2026 2:04:13 AM', Current time (UTC): '1/2/2026 11:19:01 AM'.
2026-01-02 13:19:01.514 +02:00 [INF] Bearer was not authenticated. Failure message: IDX10223: Lifetime validation failed. The token is expired. ValidTo (UTC): '1/1/2026 2:04:13 AM', Current time (UTC): '1/2/2026 11:19:01 AM'.
2026-01-02 13:19:01.518 +02:00 [INF] Executing endpoint 'RestaurantManageSystem.API.Controllers.MenuController.GetMenuItems (ResturantManageSystem.API)'
2026-01-02 13:19:01.518 +02:00 [INF] Executing endpoint 'RestaurantManageSystem.API.Controllers.TableController.GetAllTables (ResturantManageSystem.API)'
2026-01-02 13:19:01.518 +02:00 [INF] Executing endpoint 'RestaurantManageSystem.API.Controllers.MenuController.GetAllCategories (ResturantManageSystem.API)'
2026-01-02 13:19:01.518 +02:00 [INF] Executing endpoint 'RestaurantManageSystem.API.Controllers.MenuController.GetMenuItems (ResturantManageSystem.API)'
2026-01-02 13:19:01.520 +02:00 [INF] Authorization failed. These requirements were not met:
DenyAnonymousAuthorizationRequirement: Requires an authenticated user.
2026-01-02 13:19:01.525 +02:00 [INF] AuthenticationScheme: Bearer was challenged.
2026-01-02 13:19:01.526 +02:00 [INF] Request finished HTTP/2 GET https://localhost:7054/api/order?page=1&pageSize=100 - 401 0 null 1059.4152ms
2026-01-02 13:19:01.550 +02:00 [INF] Route matched with {action = "GetAllCategories", controller = "Menu"}. Executing controller action with signature System.Threading.Tasks.Task`1[Microsoft.AspNetCore.Mvc.IActionResult] GetAllCategories() on controller RestaurantManageSystem.API.Controllers.MenuController (ResturantManageSystem.API).
2026-01-02 13:19:01.550 +02:00 [INF] Route matched with {action = "GetAllTables", controller = "Table"}. Executing controller action with signature System.Threading.Tasks.Task`1[Microsoft.AspNetCore.Mvc.IActionResult] GetAllTables() on controller RestaurantManageSystem.API.Controllers.TableController (ResturantManageSystem.API).
2026-01-02 13:19:01.550 +02:00 [INF] Route matched with {action = "GetMenuItems", controller = "Menu"}. Executing controller action with signature System.Threading.Tasks.Task`1[Microsoft.AspNetCore.Mvc.IActionResult] GetMenuItems(System.Nullable`1[System.Int32], Int32, Int32) on controller RestaurantManageSystem.API.Controllers.MenuController (ResturantManageSystem.API).
2026-01-02 13:19:01.550 +02:00 [INF] Route matched with {action = "GetMenuItems", controller = "Menu"}. Executing controller action with signature System.Threading.Tasks.Task`1[Microsoft.AspNetCore.Mvc.IActionResult] GetMenuItems(System.Nullable`1[System.Int32], Int32, Int32) on controller RestaurantManageSystem.API.Controllers.MenuController (ResturantManageSystem.API).
2026-01-02 13:19:02.116 +02:00 [INF] Executing action method RestaurantManageSystem.API.Controllers.TableController.GetAllTables (ResturantManageSystem.API) - Validation state: "Valid"
2026-01-02 13:19:02.116 +02:00 [INF] Executing action method RestaurantManageSystem.API.Controllers.MenuController.GetAllCategories (ResturantManageSystem.API) - Validation state: "Valid"
2026-01-02 13:19:02.139 +02:00 [INF] Executing action method RestaurantManageSystem.API.Controllers.MenuController.GetMenuItems (ResturantManageSystem.API) - Validation state: "Valid"
2026-01-02 13:19:02.149 +02:00 [INF] Executing action method RestaurantManageSystem.API.Controllers.MenuController.GetMenuItems (ResturantManageSystem.API) - Validation state: "Valid"
2026-01-02 13:19:03.594 +02:00 [INF] Executed DbCommand (46ms) [Parameters=[], CommandType='"Text"', CommandTimeout='30']
SELECT [m].[Id], [m].[CategoryId], [m].[CreatedAt], [m].[Description], [m].[ImageUrl], [m].[IsActive], [m].[IsAvailable], [m].[Name], [m].[NameAr], [m].[PreparationTime], [m].[Price], [m].[UpdatedAt], [c].[Id], [c].[CategoryName], [c].[CategoryNameAr], [c].[CreatedAt], [c].[Description], [c].[DisplayOrder], [c].[IsActive], [c].[UpdatedAt]
FROM [MenuItems] AS [m]
INNER JOIN [Categories] AS [c] ON [m].[CategoryId] = [c].[Id]
ORDER BY [m].[Name]
2026-01-02 13:19:03.594 +02:00 [INF] Executed DbCommand (46ms) [Parameters=[], CommandType='"Text"', CommandTimeout='30']
SELECT [t].[Id], [t].[Capacity], [t].[CreatedAt], [t].[FloorSection], [t].[IsActive], [t].[Status], [t].[TableNumber], [t].[UpdatedAt], [t0].[Id], [t0].[CancellationReason], [t0].[CancelledAt], [t0].[CreatedAt], [t0].[IsActive], [t0].[Notes], [t0].[OrderDate], [t0].[OrderNumber], [t0].[Status], [t0].[Subtotal], [t0].[TableId], [t0].[Tax], [t0].[TotalAmount], [t0].[UpdatedAt], [t0].[UserId]
FROM [Tables] AS [t]
LEFT JOIN (
    SELECT [o].[Id], [o].[CancellationReason], [o].[CancelledAt], [o].[CreatedAt], [o].[IsActive], [o].[Notes], [o].[OrderDate], [o].[OrderNumber], [o].[Status], [o].[Subtotal], [o].[TableId], [o].[Tax], [o].[TotalAmount], [o].[UpdatedAt], [o].[UserId]
    FROM [Orders] AS [o]
    WHERE [o].[Status] IN (1, 2, 3)
) AS [t0] ON [t].[Id] = [t0].[TableId]
ORDER BY [t].[TableNumber], [t].[Id]
2026-01-02 13:19:03.594 +02:00 [INF] Executed DbCommand (46ms) [Parameters=[], CommandType='"Text"', CommandTimeout='30']
SELECT [m].[Id], [m].[CategoryId], [m].[CreatedAt], [m].[Description], [m].[ImageUrl], [m].[IsActive], [m].[IsAvailable], [m].[Name], [m].[NameAr], [m].[PreparationTime], [m].[Price], [m].[UpdatedAt], [c].[Id], [c].[CategoryName], [c].[CategoryNameAr], [c].[CreatedAt], [c].[Description], [c].[DisplayOrder], [c].[IsActive], [c].[UpdatedAt]
FROM [MenuItems] AS [m]
INNER JOIN [Categories] AS [c] ON [m].[CategoryId] = [c].[Id]
ORDER BY [m].[Name]
2026-01-02 13:19:03.594 +02:00 [INF] Executed DbCommand (46ms) [Parameters=[], CommandType='"Text"', CommandTimeout='30']
SELECT [c].[Id], [c].[CategoryName], [c].[CategoryNameAr], [c].[CreatedAt], [c].[Description], [c].[DisplayOrder], [c].[IsActive], [c].[UpdatedAt], [m].[Id], [m].[CategoryId], [m].[CreatedAt], [m].[Description], [m].[ImageUrl], [m].[IsActive], [m].[IsAvailable], [m].[Name], [m].[NameAr], [m].[PreparationTime], [m].[Price], [m].[UpdatedAt]
FROM [Categories] AS [c]
LEFT JOIN [MenuItems] AS [m] ON [c].[Id] = [m].[CategoryId]
ORDER BY [c].[DisplayOrder], [c].[Id]
2026-01-02 13:19:03.652 +02:00 [INF] Executed action method RestaurantManageSystem.API.Controllers.TableController.GetAllTables (ResturantManageSystem.API), returned result Microsoft.AspNetCore.Mvc.OkObjectResult in 1532.346ms.
2026-01-02 13:19:03.652 +02:00 [INF] Executed action method RestaurantManageSystem.API.Controllers.MenuController.GetMenuItems (ResturantManageSystem.API), returned result Microsoft.AspNetCore.Mvc.OkObjectResult in 1501.1655ms.
2026-01-02 13:19:03.652 +02:00 [INF] Executed action method RestaurantManageSystem.API.Controllers.MenuController.GetAllCategories (ResturantManageSystem.API), returned result Microsoft.AspNetCore.Mvc.OkObjectResult in 1532.1223ms.
2026-01-02 13:19:03.652 +02:00 [INF] Executed action method RestaurantManageSystem.API.Controllers.MenuController.GetMenuItems (ResturantManageSystem.API), returned result Microsoft.AspNetCore.Mvc.OkObjectResult in 1502.401ms.
2026-01-02 13:19:03.657 +02:00 [INF] Executing OkObjectResult, writing value of type 'RestaurantManageSystem.Application.DTOs.Common.ResponseDto`1[[RestaurantManageSystem.Application.DTOs.Common.PaginatedResultDto`1[[RestaurantManageSystem.Application.DTOs.MenuItem.MenuItemDto, RestaurantManageSystem.Application, Version=1.0.0.0, Culture=neutral, PublicKeyToken=null]], RestaurantManageSystem.Application, Version=1.0.0.0, Culture=neutral, PublicKeyToken=null]]'.
2026-01-02 13:19:03.657 +02:00 [INF] Executing OkObjectResult, writing value of type 'RestaurantManageSystem.Application.DTOs.Common.ResponseDto`1[[System.Collections.Generic.List`1[[RestaurantManageSystem.Application.DTOs.Table.TableDto, RestaurantManageSystem.Application, Version=1.0.0.0, Culture=neutral, PublicKeyToken=null]], System.Private.CoreLib, Version=8.0.0.0, Culture=neutral, PublicKeyToken=7cec85d7bea7798e]]'.
2026-01-02 13:19:03.657 +02:00 [INF] Executing OkObjectResult, writing value of type 'RestaurantManageSystem.Application.DTOs.Common.ResponseDto`1[[System.Collections.Generic.List`1[[RestaurantManageSystem.Application.DTOs.Category.CategoryDto, RestaurantManageSystem.Application, Version=1.0.0.0, Culture=neutral, PublicKeyToken=null]], System.Private.CoreLib, Version=8.0.0.0, Culture=neutral, PublicKeyToken=7cec85d7bea7798e]]'.
2026-01-02 13:19:03.657 +02:00 [INF] Executing OkObjectResult, writing value of type 'RestaurantManageSystem.Application.DTOs.Common.ResponseDto`1[[RestaurantManageSystem.Application.DTOs.Common.PaginatedResultDto`1[[RestaurantManageSystem.Application.DTOs.MenuItem.MenuItemDto, RestaurantManageSystem.Application, Version=1.0.0.0, Culture=neutral, PublicKeyToken=null]], RestaurantManageSystem.Application, Version=1.0.0.0, Culture=neutral, PublicKeyToken=null]]'.
2026-01-02 13:19:03.675 +02:00 [INF] Executed action RestaurantManageSystem.API.Controllers.MenuController.GetAllCategories (ResturantManageSystem.API) in 2121.0093ms
2026-01-02 13:19:03.675 +02:00 [INF] Executed action RestaurantManageSystem.API.Controllers.MenuController.GetMenuItems (ResturantManageSystem.API) in 2119.5096ms
2026-01-02 13:19:03.675 +02:00 [INF] Executed action RestaurantManageSystem.API.Controllers.TableController.GetAllTables (ResturantManageSystem.API) in 2119.6062ms
2026-01-02 13:19:03.675 +02:00 [INF] Executed action RestaurantManageSystem.API.Controllers.MenuController.GetMenuItems (ResturantManageSystem.API) in 2118.4813ms
2026-01-02 13:19:03.676 +02:00 [INF] Executed endpoint 'RestaurantManageSystem.API.Controllers.MenuController.GetAllCategories (ResturantManageSystem.API)'
2026-01-02 13:19:03.676 +02:00 [INF] Executed endpoint 'RestaurantManageSystem.API.Controllers.MenuController.GetMenuItems (ResturantManageSystem.API)'
2026-01-02 13:19:03.677 +02:00 [INF] Executed endpoint 'RestaurantManageSystem.API.Controllers.TableController.GetAllTables (ResturantManageSystem.API)'
2026-01-02 13:19:03.678 +02:00 [INF] Executed endpoint 'RestaurantManageSystem.API.Controllers.MenuController.GetMenuItems (ResturantManageSystem.API)'
2026-01-02 13:19:03.683 +02:00 [INF] Request finished HTTP/2 GET https://localhost:7054/api/menu/items?page=1&pageSize=1000 - 200 null application/json; charset=utf-8 3215.9319ms
2026-01-02 13:19:03.683 +02:00 [INF] Request finished HTTP/2 GET https://localhost:7054/api/menu/categories - 200 null application/json; charset=utf-8 3199.1504ms
2026-01-02 13:19:03.683 +02:00 [INF] Request finished HTTP/2 GET https://localhost:7054/api/table - 200 null application/json; charset=utf-8 3216.2541ms
2026-01-02 13:19:03.683 +02:00 [INF] Request finished HTTP/2 GET https://localhost:7054/api/menu/items?page=1&pageSize=100 - 200 null application/json; charset=utf-8 3215.328ms
2026-01-02 13:19:18.665 +02:00 [INF] Request starting HTTP/2 OPTIONS https://localhost:7054/api/menu/items?page=1&pageSize=100 - null null
2026-01-02 13:19:18.668 +02:00 [INF] CORS policy execution successful.
2026-01-02 13:19:18.668 +02:00 [INF] Request finished HTTP/2 OPTIONS https://localhost:7054/api/menu/items?page=1&pageSize=100 - 204 null null 3.1193ms
2026-01-02 13:19:18.671 +02:00 [INF] Request starting HTTP/2 GET https://localhost:7054/api/menu/items?page=1&pageSize=100 - null null
2026-01-02 13:19:18.673 +02:00 [INF] CORS policy execution successful.
2026-01-02 13:19:18.676 +02:00 [INF] Failed to validate the token.
Microsoft.IdentityModel.Tokens.SecurityTokenExpiredException: IDX10223: Lifetime validation failed. The token is expired. ValidTo (UTC): '1/1/2026 2:04:13 AM', Current time (UTC): '1/2/2026 11:19:18 AM'.
   at Microsoft.IdentityModel.Tokens.ValidatorUtilities.ValidateLifetime(Nullable`1 notBefore, Nullable`1 expires, SecurityToken securityToken, TokenValidationParameters validationParameters)
   at Microsoft.IdentityModel.Tokens.Validators.ValidateLifetime(Nullable`1 notBefore, Nullable`1 expires, SecurityToken securityToken, TokenValidationParameters validationParameters)
   at Microsoft.IdentityModel.JsonWebTokens.JsonWebTokenHandler.ValidateTokenPayloadAsync(JsonWebToken jsonWebToken, TokenValidationParameters validationParameters, BaseConfiguration configuration)
   at Microsoft.IdentityModel.JsonWebTokens.JsonWebTokenHandler.ValidateJWSAsync(JsonWebToken jsonWebToken, TokenValidationParameters validationParameters, BaseConfiguration configuration)
2026-01-02 13:19:18.678 +02:00 [INF] Bearer was not authenticated. Failure message: IDX10223: Lifetime validation failed. The token is expired. ValidTo (UTC): '1/1/2026 2:04:13 AM', Current time (UTC): '1/2/2026 11:19:18 AM'.
2026-01-02 13:19:18.679 +02:00 [INF] Executing endpoint 'RestaurantManageSystem.API.Controllers.MenuController.GetMenuItems (ResturantManageSystem.API)'
2026-01-02 13:19:18.680 +02:00 [INF] Route matched with {action = "GetMenuItems", controller = "Menu"}. Executing controller action with signature System.Threading.Tasks.Task`1[Microsoft.AspNetCore.Mvc.IActionResult] GetMenuItems(System.Nullable`1[System.Int32], Int32, Int32) on controller RestaurantManageSystem.API.Controllers.MenuController (ResturantManageSystem.API).
2026-01-02 13:19:18.697 +02:00 [INF] Executing action method RestaurantManageSystem.API.Controllers.MenuController.GetMenuItems (ResturantManageSystem.API) - Validation state: "Valid"
2026-01-02 13:19:18.737 +02:00 [INF] Executed DbCommand (5ms) [Parameters=[], CommandType='"Text"', CommandTimeout='30']
SELECT [m].[Id], [m].[CategoryId], [m].[CreatedAt], [m].[Description], [m].[ImageUrl], [m].[IsActive], [m].[IsAvailable], [m].[Name], [m].[NameAr], [m].[PreparationTime], [m].[Price], [m].[UpdatedAt], [c].[Id], [c].[CategoryName], [c].[CategoryNameAr], [c].[CreatedAt], [c].[Description], [c].[DisplayOrder], [c].[IsActive], [c].[UpdatedAt]
FROM [MenuItems] AS [m]
INNER JOIN [Categories] AS [c] ON [m].[CategoryId] = [c].[Id]
ORDER BY [m].[Name]
2026-01-02 13:19:18.739 +02:00 [INF] Executed action method RestaurantManageSystem.API.Controllers.MenuController.GetMenuItems (ResturantManageSystem.API), returned result Microsoft.AspNetCore.Mvc.OkObjectResult in 39.5318ms.
2026-01-02 13:19:18.740 +02:00 [INF] Executing OkObjectResult, writing value of type 'RestaurantManageSystem.Application.DTOs.Common.ResponseDto`1[[RestaurantManageSystem.Application.DTOs.Common.PaginatedResultDto`1[[RestaurantManageSystem.Application.DTOs.MenuItem.MenuItemDto, RestaurantManageSystem.Application, Version=1.0.0.0, Culture=neutral, PublicKeyToken=null]], RestaurantManageSystem.Application, Version=1.0.0.0, Culture=neutral, PublicKeyToken=null]]'.
2026-01-02 13:19:18.741 +02:00 [INF] Executed action RestaurantManageSystem.API.Controllers.MenuController.GetMenuItems (ResturantManageSystem.API) in 60.067ms
2026-01-02 13:19:18.742 +02:00 [INF] Executed endpoint 'RestaurantManageSystem.API.Controllers.MenuController.GetMenuItems (ResturantManageSystem.API)'
2026-01-02 13:19:18.744 +02:00 [INF] Request finished HTTP/2 GET https://localhost:7054/api/menu/items?page=1&pageSize=100 - 200 null application/json; charset=utf-8 73.5654ms
2026-01-02 13:19:20.778 +02:00 [INF] Request starting HTTP/2 OPTIONS https://localhost:7054/api/menu/items/10/toggle-availability - null null
2026-01-02 13:19:20.780 +02:00 [INF] CORS policy execution successful.
2026-01-02 13:19:20.781 +02:00 [INF] Request finished HTTP/2 OPTIONS https://localhost:7054/api/menu/items/10/toggle-availability - 204 null null 3.1352ms
2026-01-02 13:19:20.783 +02:00 [INF] Request starting HTTP/2 PATCH https://localhost:7054/api/menu/items/10/toggle-availability - application/json null
2026-01-02 13:19:20.786 +02:00 [INF] CORS policy execution successful.
2026-01-02 13:19:20.788 +02:00 [INF] Failed to validate the token.
Microsoft.IdentityModel.Tokens.SecurityTokenExpiredException: IDX10223: Lifetime validation failed. The token is expired. ValidTo (UTC): '1/1/2026 2:04:13 AM', Current time (UTC): '1/2/2026 11:19:20 AM'.
   at Microsoft.IdentityModel.Tokens.ValidatorUtilities.ValidateLifetime(Nullable`1 notBefore, Nullable`1 expires, SecurityToken securityToken, TokenValidationParameters validationParameters)
   at Microsoft.IdentityModel.Tokens.Validators.ValidateLifetime(Nullable`1 notBefore, Nullable`1 expires, SecurityToken securityToken, TokenValidationParameters validationParameters)
   at Microsoft.IdentityModel.JsonWebTokens.JsonWebTokenHandler.ValidateTokenPayloadAsync(JsonWebToken jsonWebToken, TokenValidationParameters validationParameters, BaseConfiguration configuration)
   at Microsoft.IdentityModel.JsonWebTokens.JsonWebTokenHandler.ValidateJWSAsync(JsonWebToken jsonWebToken, TokenValidationParameters validationParameters, BaseConfiguration configuration)
2026-01-02 13:19:20.790 +02:00 [INF] Bearer was not authenticated. Failure message: IDX10223: Lifetime validation failed. The token is expired. ValidTo (UTC): '1/1/2026 2:04:13 AM', Current time (UTC): '1/2/2026 11:19:20 AM'.
2026-01-02 13:19:20.793 +02:00 [INF] Authorization failed. These requirements were not met:
RolesAuthorizationRequirement:User.IsInRole must be true for one of the following roles: (Admin|Kitchen)
2026-01-02 13:19:20.794 +02:00 [INF] AuthenticationScheme: Bearer was challenged.
2026-01-02 13:19:20.794 +02:00 [INF] Request finished HTTP/2 PATCH https://localhost:7054/api/menu/items/10/toggle-availability - 401 0 null 12.0446ms
2026-01-02 13:19:21.579 +02:00 [INF] Request starting HTTP/2 OPTIONS https://localhost:7054/api/menu/items/10/toggle-availability - null null
2026-01-02 13:19:21.581 +02:00 [INF] CORS policy execution successful.
2026-01-02 13:19:21.582 +02:00 [INF] Request finished HTTP/2 OPTIONS https://localhost:7054/api/menu/items/10/toggle-availability - 204 null null 2.772ms
2026-01-02 13:19:21.583 +02:00 [INF] Request starting HTTP/2 PATCH https://localhost:7054/api/menu/items/10/toggle-availability - application/json null
2026-01-02 13:19:21.586 +02:00 [INF] CORS policy execution successful.
2026-01-02 13:19:21.588 +02:00 [INF] Failed to validate the token.
Microsoft.IdentityModel.Tokens.SecurityTokenExpiredException: IDX10223: Lifetime validation failed. The token is expired. ValidTo (UTC): '1/1/2026 2:04:13 AM', Current time (UTC): '1/2/2026 11:19:21 AM'.
   at Microsoft.IdentityModel.Tokens.ValidatorUtilities.ValidateLifetime(Nullable`1 notBefore, Nullable`1 expires, SecurityToken securityToken, TokenValidationParameters validationParameters)
   at Microsoft.IdentityModel.Tokens.Validators.ValidateLifetime(Nullable`1 notBefore, Nullable`1 expires, SecurityToken securityToken, TokenValidationParameters validationParameters)
   at Microsoft.IdentityModel.JsonWebTokens.JsonWebTokenHandler.ValidateTokenPayloadAsync(JsonWebToken jsonWebToken, TokenValidationParameters validationParameters, BaseConfiguration configuration)
   at Microsoft.IdentityModel.JsonWebTokens.JsonWebTokenHandler.ValidateJWSAsync(JsonWebToken jsonWebToken, TokenValidationParameters validationParameters, BaseConfiguration configuration)
2026-01-02 13:19:21.590 +02:00 [INF] Bearer was not authenticated. Failure message: IDX10223: Lifetime validation failed. The token is expired. ValidTo (UTC): '1/1/2026 2:04:13 AM', Current time (UTC): '1/2/2026 11:19:21 AM'.
2026-01-02 13:19:21.591 +02:00 [INF] Authorization failed. These requirements were not met:
RolesAuthorizationRequirement:User.IsInRole must be true for one of the following roles: (Admin|Kitchen)
2026-01-02 13:19:21.592 +02:00 [INF] AuthenticationScheme: Bearer was challenged.
2026-01-02 13:19:21.592 +02:00 [INF] Request finished HTTP/2 PATCH https://localhost:7054/api/menu/items/10/toggle-availability - 401 0 null 9.2539ms
2026-01-02 13:19:22.444 +02:00 [INF] Request starting HTTP/2 OPTIONS https://localhost:7054/api/menu/items?page=1&pageSize=1000 - null null
2026-01-02 13:19:22.444 +02:00 [INF] Request starting HTTP/2 OPTIONS https://localhost:7054/api/menu/categories - null null
2026-01-02 13:19:22.445 +02:00 [INF] Request starting HTTP/2 OPTIONS https://localhost:7054/api/menu/items?page=1&pageSize=100 - null null
2026-01-02 13:19:22.445 +02:00 [INF] Request starting HTTP/2 OPTIONS https://localhost:7054/api/table - null null
2026-01-02 13:19:22.445 +02:00 [INF] Request starting HTTP/2 OPTIONS https://localhost:7054/api/order?page=1&pageSize=100 - null null
2026-01-02 13:19:22.447 +02:00 [INF] CORS policy execution successful.
2026-01-02 13:19:22.448 +02:00 [INF] CORS policy execution successful.
2026-01-02 13:19:22.449 +02:00 [INF] CORS policy execution successful.
2026-01-02 13:19:22.450 +02:00 [INF] CORS policy execution successful.
2026-01-02 13:19:22.452 +02:00 [INF] CORS policy execution successful.
2026-01-02 13:19:22.452 +02:00 [INF] Request finished HTTP/2 OPTIONS https://localhost:7054/api/menu/items?page=1&pageSize=1000 - 204 null null 8.1374ms
2026-01-02 13:19:22.453 +02:00 [INF] Request finished HTTP/2 OPTIONS https://localhost:7054/api/order?page=1&pageSize=100 - 204 null null 7.7224ms
2026-01-02 13:19:22.454 +02:00 [INF] Request finished HTTP/2 OPTIONS https://localhost:7054/api/menu/categories - 204 null null 9.3636ms
2026-01-02 13:19:22.454 +02:00 [INF] Request finished HTTP/2 OPTIONS https://localhost:7054/api/menu/items?page=1&pageSize=100 - 204 null null 9.7268ms
2026-01-02 13:19:22.455 +02:00 [INF] Request finished HTTP/2 OPTIONS https://localhost:7054/api/table - 204 null null 9.6994ms
2026-01-02 13:19:22.455 +02:00 [INF] Request starting HTTP/2 GET https://localhost:7054/api/order?page=1&pageSize=100 - null null
2026-01-02 13:19:22.456 +02:00 [INF] Request starting HTTP/2 GET https://localhost:7054/api/menu/items?page=1&pageSize=1000 - null null
2026-01-02 13:19:22.462 +02:00 [INF] Request starting HTTP/2 GET https://localhost:7054/api/menu/categories - null null
2026-01-02 13:19:22.465 +02:00 [INF] Request starting HTTP/2 GET https://localhost:7054/api/table - application/json null
2026-01-02 13:19:22.465 +02:00 [INF] Request starting HTTP/2 GET https://localhost:7054/api/menu/items?page=1&pageSize=100 - null null
2026-01-02 13:19:22.473 +02:00 [INF] CORS policy execution successful.
2026-01-02 13:19:22.474 +02:00 [INF] CORS policy execution successful.
2026-01-02 13:19:22.475 +02:00 [INF] CORS policy execution successful.
2026-01-02 13:19:22.481 +02:00 [INF] CORS policy execution successful.
2026-01-02 13:19:22.482 +02:00 [INF] CORS policy execution successful.
2026-01-02 13:19:22.483 +02:00 [INF] Failed to validate the token.
Microsoft.IdentityModel.Tokens.SecurityTokenExpiredException: IDX10223: Lifetime validation failed. The token is expired. ValidTo (UTC): '1/1/2026 2:04:13 AM', Current time (UTC): '1/2/2026 11:19:22 AM'.
   at Microsoft.IdentityModel.Tokens.ValidatorUtilities.ValidateLifetime(Nullable`1 notBefore, Nullable`1 expires, SecurityToken securityToken, TokenValidationParameters validationParameters)
   at Microsoft.IdentityModel.Tokens.Validators.ValidateLifetime(Nullable`1 notBefore, Nullable`1 expires, SecurityToken securityToken, TokenValidationParameters validationParameters)
   at Microsoft.IdentityModel.JsonWebTokens.JsonWebTokenHandler.ValidateTokenPayloadAsync(JsonWebToken jsonWebToken, TokenValidationParameters validationParameters, BaseConfiguration configuration)
   at Microsoft.IdentityModel.JsonWebTokens.JsonWebTokenHandler.ValidateJWSAsync(JsonWebToken jsonWebToken, TokenValidationParameters validationParameters, BaseConfiguration configuration)
2026-01-02 13:19:22.484 +02:00 [INF] Failed to validate the token.
Microsoft.IdentityModel.Tokens.SecurityTokenExpiredException: IDX10223: Lifetime validation failed. The token is expired. ValidTo (UTC): '1/1/2026 2:04:13 AM', Current time (UTC): '1/2/2026 11:19:22 AM'.
   at Microsoft.IdentityModel.Tokens.ValidatorUtilities.ValidateLifetime(Nullable`1 notBefore, Nullable`1 expires, SecurityToken securityToken, TokenValidationParameters validationParameters)
   at Microsoft.IdentityModel.Tokens.Validators.ValidateLifetime(Nullable`1 notBefore, Nullable`1 expires, SecurityToken securityToken, TokenValidationParameters validationParameters)
   at Microsoft.IdentityModel.JsonWebTokens.JsonWebTokenHandler.ValidateTokenPayloadAsync(JsonWebToken jsonWebToken, TokenValidationParameters validationParameters, BaseConfiguration configuration)
   at Microsoft.IdentityModel.JsonWebTokens.JsonWebTokenHandler.ValidateJWSAsync(JsonWebToken jsonWebToken, TokenValidationParameters validationParameters, BaseConfiguration configuration)
2026-01-02 13:19:22.484 +02:00 [INF] Failed to validate the token.
Microsoft.IdentityModel.Tokens.SecurityTokenExpiredException: IDX10223: Lifetime validation failed. The token is expired. ValidTo (UTC): '1/1/2026 2:04:13 AM', Current time (UTC): '1/2/2026 11:19:22 AM'.
   at Microsoft.IdentityModel.Tokens.ValidatorUtilities.ValidateLifetime(Nullable`1 notBefore, Nullable`1 expires, SecurityToken securityToken, TokenValidationParameters validationParameters)
   at Microsoft.IdentityModel.Tokens.Validators.ValidateLifetime(Nullable`1 notBefore, Nullable`1 expires, SecurityToken securityToken, TokenValidationParameters validationParameters)
   at Microsoft.IdentityModel.JsonWebTokens.JsonWebTokenHandler.ValidateTokenPayloadAsync(JsonWebToken jsonWebToken, TokenValidationParameters validationParameters, BaseConfiguration configuration)
   at Microsoft.IdentityModel.JsonWebTokens.JsonWebTokenHandler.ValidateJWSAsync(JsonWebToken jsonWebToken, TokenValidationParameters validationParameters, BaseConfiguration configuration)
2026-01-02 13:19:22.485 +02:00 [INF] Failed to validate the token.
Microsoft.IdentityModel.Tokens.SecurityTokenExpiredException: IDX10223: Lifetime validation failed. The token is expired. ValidTo (UTC): '1/1/2026 2:04:13 AM', Current time (UTC): '1/2/2026 11:19:22 AM'.
   at Microsoft.IdentityModel.Tokens.ValidatorUtilities.ValidateLifetime(Nullable`1 notBefore, Nullable`1 expires, SecurityToken securityToken, TokenValidationParameters validationParameters)
   at Microsoft.IdentityModel.Tokens.Validators.ValidateLifetime(Nullable`1 notBefore, Nullable`1 expires, SecurityToken securityToken, TokenValidationParameters validationParameters)
   at Microsoft.IdentityModel.JsonWebTokens.JsonWebTokenHandler.ValidateTokenPayloadAsync(JsonWebToken jsonWebToken, TokenValidationParameters validationParameters, BaseConfiguration configuration)
   at Microsoft.IdentityModel.JsonWebTokens.JsonWebTokenHandler.ValidateJWSAsync(JsonWebToken jsonWebToken, TokenValidationParameters validationParameters, BaseConfiguration configuration)
2026-01-02 13:19:22.486 +02:00 [INF] Bearer was not authenticated. Failure message: IDX10223: Lifetime validation failed. The token is expired. ValidTo (UTC): '1/1/2026 2:04:13 AM', Current time (UTC): '1/2/2026 11:19:22 AM'.
2026-01-02 13:19:22.487 +02:00 [INF] Bearer was not authenticated. Failure message: IDX10223: Lifetime validation failed. The token is expired. ValidTo (UTC): '1/1/2026 2:04:13 AM', Current time (UTC): '1/2/2026 11:19:22 AM'.
2026-01-02 13:19:22.488 +02:00 [INF] Bearer was not authenticated. Failure message: IDX10223: Lifetime validation failed. The token is expired. ValidTo (UTC): '1/1/2026 2:04:13 AM', Current time (UTC): '1/2/2026 11:19:22 AM'.
2026-01-02 13:19:22.489 +02:00 [INF] Failed to validate the token.
Microsoft.IdentityModel.Tokens.SecurityTokenExpiredException: IDX10223: Lifetime validation failed. The token is expired. ValidTo (UTC): '1/1/2026 2:04:13 AM', Current time (UTC): '1/2/2026 11:19:22 AM'.
   at Microsoft.IdentityModel.Tokens.ValidatorUtilities.ValidateLifetime(Nullable`1 notBefore, Nullable`1 expires, SecurityToken securityToken, TokenValidationParameters validationParameters)
   at Microsoft.IdentityModel.Tokens.Validators.ValidateLifetime(Nullable`1 notBefore, Nullable`1 expires, SecurityToken securityToken, TokenValidationParameters validationParameters)
   at Microsoft.IdentityModel.JsonWebTokens.JsonWebTokenHandler.ValidateTokenPayloadAsync(JsonWebToken jsonWebToken, TokenValidationParameters validationParameters, BaseConfiguration configuration)
   at Microsoft.IdentityModel.JsonWebTokens.JsonWebTokenHandler.ValidateJWSAsync(JsonWebToken jsonWebToken, TokenValidationParameters validationParameters, BaseConfiguration configuration)
2026-01-02 13:19:22.490 +02:00 [INF] Bearer was not authenticated. Failure message: IDX10223: Lifetime validation failed. The token is expired. ValidTo (UTC): '1/1/2026 2:04:13 AM', Current time (UTC): '1/2/2026 11:19:22 AM'.
2026-01-02 13:19:22.491 +02:00 [INF] Executing endpoint 'RestaurantManageSystem.API.Controllers.MenuController.GetMenuItems (ResturantManageSystem.API)'
2026-01-02 13:19:22.491 +02:00 [INF] Authorization failed. These requirements were not met:
DenyAnonymousAuthorizationRequirement: Requires an authenticated user.
2026-01-02 13:19:22.492 +02:00 [INF] Executing endpoint 'RestaurantManageSystem.API.Controllers.MenuController.GetAllCategories (ResturantManageSystem.API)'
2026-01-02 13:19:22.493 +02:00 [INF] Bearer was not authenticated. Failure message: IDX10223: Lifetime validation failed. The token is expired. ValidTo (UTC): '1/1/2026 2:04:13 AM', Current time (UTC): '1/2/2026 11:19:22 AM'.
2026-01-02 13:19:22.494 +02:00 [INF] Executing endpoint 'RestaurantManageSystem.API.Controllers.TableController.GetAllTables (ResturantManageSystem.API)'
2026-01-02 13:19:22.494 +02:00 [INF] Route matched with {action = "GetMenuItems", controller = "Menu"}. Executing controller action with signature System.Threading.Tasks.Task`1[Microsoft.AspNetCore.Mvc.IActionResult] GetMenuItems(System.Nullable`1[System.Int32], Int32, Int32) on controller RestaurantManageSystem.API.Controllers.MenuController (ResturantManageSystem.API).
2026-01-02 13:19:22.495 +02:00 [INF] AuthenticationScheme: Bearer was challenged.
2026-01-02 13:19:22.495 +02:00 [INF] Route matched with {action = "GetAllCategories", controller = "Menu"}. Executing controller action with signature System.Threading.Tasks.Task`1[Microsoft.AspNetCore.Mvc.IActionResult] GetAllCategories() on controller RestaurantManageSystem.API.Controllers.MenuController (ResturantManageSystem.API).
2026-01-02 13:19:22.496 +02:00 [INF] Executing endpoint 'RestaurantManageSystem.API.Controllers.MenuController.GetMenuItems (ResturantManageSystem.API)'
2026-01-02 13:19:22.497 +02:00 [INF] Route matched with {action = "GetAllTables", controller = "Table"}. Executing controller action with signature System.Threading.Tasks.Task`1[Microsoft.AspNetCore.Mvc.IActionResult] GetAllTables() on controller RestaurantManageSystem.API.Controllers.TableController (ResturantManageSystem.API).
2026-01-02 13:19:22.499 +02:00 [INF] Request finished HTTP/2 GET https://localhost:7054/api/order?page=1&pageSize=100 - 401 0 null 43.2225ms
2026-01-02 13:19:22.510 +02:00 [INF] Executing action method RestaurantManageSystem.API.Controllers.MenuController.GetMenuItems (ResturantManageSystem.API) - Validation state: "Valid"
2026-01-02 13:19:22.520 +02:00 [INF] Executing action method RestaurantManageSystem.API.Controllers.MenuController.GetAllCategories (ResturantManageSystem.API) - Validation state: "Valid"
2026-01-02 13:19:22.525 +02:00 [INF] Executed DbCommand (2ms) [Parameters=[], CommandType='"Text"', CommandTimeout='30']
SELECT [m].[Id], [m].[CategoryId], [m].[CreatedAt], [m].[Description], [m].[ImageUrl], [m].[IsActive], [m].[IsAvailable], [m].[Name], [m].[NameAr], [m].[PreparationTime], [m].[Price], [m].[UpdatedAt], [c].[Id], [c].[CategoryName], [c].[CategoryNameAr], [c].[CreatedAt], [c].[Description], [c].[DisplayOrder], [c].[IsActive], [c].[UpdatedAt]
FROM [MenuItems] AS [m]
INNER JOIN [Categories] AS [c] ON [m].[CategoryId] = [c].[Id]
ORDER BY [m].[Name]
2026-01-02 13:19:22.537 +02:00 [INF] Executing action method RestaurantManageSystem.API.Controllers.TableController.GetAllTables (ResturantManageSystem.API) - Validation state: "Valid"
2026-01-02 13:19:22.538 +02:00 [INF] Route matched with {action = "GetMenuItems", controller = "Menu"}. Executing controller action with signature System.Threading.Tasks.Task`1[Microsoft.AspNetCore.Mvc.IActionResult] GetMenuItems(System.Nullable`1[System.Int32], Int32, Int32) on controller RestaurantManageSystem.API.Controllers.MenuController (ResturantManageSystem.API).
2026-01-02 13:19:22.539 +02:00 [INF] Executed DbCommand (2ms) [Parameters=[], CommandType='"Text"', CommandTimeout='30']
SELECT [c].[Id], [c].[CategoryName], [c].[CategoryNameAr], [c].[CreatedAt], [c].[Description], [c].[DisplayOrder], [c].[IsActive], [c].[UpdatedAt], [m].[Id], [m].[CategoryId], [m].[CreatedAt], [m].[Description], [m].[ImageUrl], [m].[IsActive], [m].[IsAvailable], [m].[Name], [m].[NameAr], [m].[PreparationTime], [m].[Price], [m].[UpdatedAt]
FROM [Categories] AS [c]
LEFT JOIN [MenuItems] AS [m] ON [c].[Id] = [m].[CategoryId]
ORDER BY [c].[DisplayOrder], [c].[Id]
2026-01-02 13:19:22.544 +02:00 [INF] Executed DbCommand (1ms) [Parameters=[], CommandType='"Text"', CommandTimeout='30']
SELECT [t].[Id], [t].[Capacity], [t].[CreatedAt], [t].[FloorSection], [t].[IsActive], [t].[Status], [t].[TableNumber], [t].[UpdatedAt], [t0].[Id], [t0].[CancellationReason], [t0].[CancelledAt], [t0].[CreatedAt], [t0].[IsActive], [t0].[Notes], [t0].[OrderDate], [t0].[OrderNumber], [t0].[Status], [t0].[Subtotal], [t0].[TableId], [t0].[Tax], [t0].[TotalAmount], [t0].[UpdatedAt], [t0].[UserId]
FROM [Tables] AS [t]
LEFT JOIN (
    SELECT [o].[Id], [o].[CancellationReason], [o].[CancelledAt], [o].[CreatedAt], [o].[IsActive], [o].[Notes], [o].[OrderDate], [o].[OrderNumber], [o].[Status], [o].[Subtotal], [o].[TableId], [o].[Tax], [o].[TotalAmount], [o].[UpdatedAt], [o].[UserId]
    FROM [Orders] AS [o]
    WHERE [o].[Status] IN (1, 2, 3)
) AS [t0] ON [t].[Id] = [t0].[TableId]
ORDER BY [t].[TableNumber], [t].[Id]
2026-01-02 13:19:22.547 +02:00 [INF] Executed action method RestaurantManageSystem.API.Controllers.MenuController.GetAllCategories (ResturantManageSystem.API), returned result Microsoft.AspNetCore.Mvc.OkObjectResult in 20.6838ms.
2026-01-02 13:19:22.557 +02:00 [INF] Executing action method RestaurantManageSystem.API.Controllers.MenuController.GetMenuItems (ResturantManageSystem.API) - Validation state: "Valid"
2026-01-02 13:19:22.559 +02:00 [INF] Executed action method RestaurantManageSystem.API.Controllers.TableController.GetAllTables (ResturantManageSystem.API), returned result Microsoft.AspNetCore.Mvc.OkObjectResult in 17.9185ms.
2026-01-02 13:19:22.559 +02:00 [INF] Executing OkObjectResult, writing value of type 'RestaurantManageSystem.Application.DTOs.Common.ResponseDto`1[[System.Collections.Generic.List`1[[RestaurantManageSystem.Application.DTOs.Category.CategoryDto, RestaurantManageSystem.Application, Version=1.0.0.0, Culture=neutral, PublicKeyToken=null]], System.Private.CoreLib, Version=8.0.0.0, Culture=neutral, PublicKeyToken=7cec85d7bea7798e]]'.
2026-01-02 13:19:22.561 +02:00 [INF] Executed action method RestaurantManageSystem.API.Controllers.MenuController.GetMenuItems (ResturantManageSystem.API), returned result Microsoft.AspNetCore.Mvc.OkObjectResult in 39.4257ms.
2026-01-02 13:19:22.564 +02:00 [INF] Executed DbCommand (2ms) [Parameters=[], CommandType='"Text"', CommandTimeout='30']
SELECT [m].[Id], [m].[CategoryId], [m].[CreatedAt], [m].[Description], [m].[ImageUrl], [m].[IsActive], [m].[IsAvailable], [m].[Name], [m].[NameAr], [m].[PreparationTime], [m].[Price], [m].[UpdatedAt], [c].[Id], [c].[CategoryName], [c].[CategoryNameAr], [c].[CreatedAt], [c].[Description], [c].[DisplayOrder], [c].[IsActive], [c].[UpdatedAt]
FROM [MenuItems] AS [m]
INNER JOIN [Categories] AS [c] ON [m].[CategoryId] = [c].[Id]
ORDER BY [m].[Name]
2026-01-02 13:19:22.564 +02:00 [INF] Executing OkObjectResult, writing value of type 'RestaurantManageSystem.Application.DTOs.Common.ResponseDto`1[[System.Collections.Generic.List`1[[RestaurantManageSystem.Application.DTOs.Table.TableDto, RestaurantManageSystem.Application, Version=1.0.0.0, Culture=neutral, PublicKeyToken=null]], System.Private.CoreLib, Version=8.0.0.0, Culture=neutral, PublicKeyToken=7cec85d7bea7798e]]'.
2026-01-02 13:19:22.566 +02:00 [INF] Executed action RestaurantManageSystem.API.Controllers.MenuController.GetAllCategories (ResturantManageSystem.API) in 55.5462ms
2026-01-02 13:19:22.567 +02:00 [INF] Executed action RestaurantManageSystem.API.Controllers.TableController.GetAllTables (ResturantManageSystem.API) in 43.4725ms
2026-01-02 13:19:22.569 +02:00 [INF] Executed action method RestaurantManageSystem.API.Controllers.MenuController.GetMenuItems (ResturantManageSystem.API), returned result Microsoft.AspNetCore.Mvc.OkObjectResult in 7.8968ms.
2026-01-02 13:19:22.570 +02:00 [INF] Executing OkObjectResult, writing value of type 'RestaurantManageSystem.Application.DTOs.Common.ResponseDto`1[[RestaurantManageSystem.Application.DTOs.Common.PaginatedResultDto`1[[RestaurantManageSystem.Application.DTOs.MenuItem.MenuItemDto, RestaurantManageSystem.Application, Version=1.0.0.0, Culture=neutral, PublicKeyToken=null]], RestaurantManageSystem.Application, Version=1.0.0.0, Culture=neutral, PublicKeyToken=null]]'.
2026-01-02 13:19:22.571 +02:00 [INF] Executed endpoint 'RestaurantManageSystem.API.Controllers.MenuController.GetAllCategories (ResturantManageSystem.API)'
2026-01-02 13:19:22.571 +02:00 [INF] Executed endpoint 'RestaurantManageSystem.API.Controllers.TableController.GetAllTables (ResturantManageSystem.API)'
2026-01-02 13:19:22.572 +02:00 [INF] Executing OkObjectResult, writing value of type 'RestaurantManageSystem.Application.DTOs.Common.ResponseDto`1[[RestaurantManageSystem.Application.DTOs.Common.PaginatedResultDto`1[[RestaurantManageSystem.Application.DTOs.MenuItem.MenuItemDto, RestaurantManageSystem.Application, Version=1.0.0.0, Culture=neutral, PublicKeyToken=null]], RestaurantManageSystem.Application, Version=1.0.0.0, Culture=neutral, PublicKeyToken=null]]'.
2026-01-02 13:19:22.574 +02:00 [INF] Executed action RestaurantManageSystem.API.Controllers.MenuController.GetMenuItems (ResturantManageSystem.API) in 76.1545ms
2026-01-02 13:19:22.574 +02:00 [INF] Request finished HTTP/2 GET https://localhost:7054/api/menu/categories - 200 null application/json; charset=utf-8 112.5496ms
2026-01-02 13:19:22.575 +02:00 [INF] Request finished HTTP/2 GET https://localhost:7054/api/table - 200 null application/json; charset=utf-8 110.3992ms
2026-01-02 13:19:22.576 +02:00 [INF] Executed action RestaurantManageSystem.API.Controllers.MenuController.GetMenuItems (ResturantManageSystem.API) in 29.7049ms
2026-01-02 13:19:22.577 +02:00 [INF] Executed endpoint 'RestaurantManageSystem.API.Controllers.MenuController.GetMenuItems (ResturantManageSystem.API)'
2026-01-02 13:19:22.582 +02:00 [INF] Executed endpoint 'RestaurantManageSystem.API.Controllers.MenuController.GetMenuItems (ResturantManageSystem.API)'
2026-01-02 13:19:22.583 +02:00 [INF] Request finished HTTP/2 GET https://localhost:7054/api/menu/items?page=1&pageSize=1000 - 200 null application/json; charset=utf-8 126.6008ms
2026-01-02 13:19:22.583 +02:00 [INF] Request finished HTTP/2 GET https://localhost:7054/api/menu/items?page=1&pageSize=100 - 200 null application/json; charset=utf-8 118.6333ms
2026-01-02 13:19:24.277 +02:00 [INF] Request starting HTTP/2 OPTIONS https://localhost:7054/api/menu/items?page=1&pageSize=100 - null null
2026-01-02 13:19:24.279 +02:00 [INF] CORS policy execution successful.
2026-01-02 13:19:24.280 +02:00 [INF] Request finished HTTP/2 OPTIONS https://localhost:7054/api/menu/items?page=1&pageSize=100 - 204 null null 2.6515ms
2026-01-02 13:19:24.281 +02:00 [INF] Request starting HTTP/2 GET https://localhost:7054/api/menu/items?page=1&pageSize=100 - null null
2026-01-02 13:19:24.283 +02:00 [INF] CORS policy execution successful.
2026-01-02 13:19:24.284 +02:00 [INF] Failed to validate the token.
Microsoft.IdentityModel.Tokens.SecurityTokenExpiredException: IDX10223: Lifetime validation failed. The token is expired. ValidTo (UTC): '1/1/2026 2:04:13 AM', Current time (UTC): '1/2/2026 11:19:24 AM'.
   at Microsoft.IdentityModel.Tokens.ValidatorUtilities.ValidateLifetime(Nullable`1 notBefore, Nullable`1 expires, SecurityToken securityToken, TokenValidationParameters validationParameters)
   at Microsoft.IdentityModel.Tokens.Validators.ValidateLifetime(Nullable`1 notBefore, Nullable`1 expires, SecurityToken securityToken, TokenValidationParameters validationParameters)
   at Microsoft.IdentityModel.JsonWebTokens.JsonWebTokenHandler.ValidateTokenPayloadAsync(JsonWebToken jsonWebToken, TokenValidationParameters validationParameters, BaseConfiguration configuration)
   at Microsoft.IdentityModel.JsonWebTokens.JsonWebTokenHandler.ValidateJWSAsync(JsonWebToken jsonWebToken, TokenValidationParameters validationParameters, BaseConfiguration configuration)
2026-01-02 13:19:24.286 +02:00 [INF] Bearer was not authenticated. Failure message: IDX10223: Lifetime validation failed. The token is expired. ValidTo (UTC): '1/1/2026 2:04:13 AM', Current time (UTC): '1/2/2026 11:19:24 AM'.
2026-01-02 13:19:24.287 +02:00 [INF] Executing endpoint 'RestaurantManageSystem.API.Controllers.MenuController.GetMenuItems (ResturantManageSystem.API)'
2026-01-02 13:19:24.288 +02:00 [INF] Route matched with {action = "GetMenuItems", controller = "Menu"}. Executing controller action with signature System.Threading.Tasks.Task`1[Microsoft.AspNetCore.Mvc.IActionResult] GetMenuItems(System.Nullable`1[System.Int32], Int32, Int32) on controller RestaurantManageSystem.API.Controllers.MenuController (ResturantManageSystem.API).
2026-01-02 13:19:24.306 +02:00 [INF] Executing action method RestaurantManageSystem.API.Controllers.MenuController.GetMenuItems (ResturantManageSystem.API) - Validation state: "Valid"
2026-01-02 13:19:24.310 +02:00 [INF] Executed DbCommand (1ms) [Parameters=[], CommandType='"Text"', CommandTimeout='30']
SELECT [m].[Id], [m].[CategoryId], [m].[CreatedAt], [m].[Description], [m].[ImageUrl], [m].[IsActive], [m].[IsAvailable], [m].[Name], [m].[NameAr], [m].[PreparationTime], [m].[Price], [m].[UpdatedAt], [c].[Id], [c].[CategoryName], [c].[CategoryNameAr], [c].[CreatedAt], [c].[Description], [c].[DisplayOrder], [c].[IsActive], [c].[UpdatedAt]
FROM [MenuItems] AS [m]
INNER JOIN [Categories] AS [c] ON [m].[CategoryId] = [c].[Id]
ORDER BY [m].[Name]
2026-01-02 13:19:24.312 +02:00 [INF] Executed action method RestaurantManageSystem.API.Controllers.MenuController.GetMenuItems (ResturantManageSystem.API), returned result Microsoft.AspNetCore.Mvc.OkObjectResult in 5.5355ms.
2026-01-02 13:19:24.314 +02:00 [INF] Executing OkObjectResult, writing value of type 'RestaurantManageSystem.Application.DTOs.Common.ResponseDto`1[[RestaurantManageSystem.Application.DTOs.Common.PaginatedResultDto`1[[RestaurantManageSystem.Application.DTOs.MenuItem.MenuItemDto, RestaurantManageSystem.Application, Version=1.0.0.0, Culture=neutral, PublicKeyToken=null]], RestaurantManageSystem.Application, Version=1.0.0.0, Culture=neutral, PublicKeyToken=null]]'.
2026-01-02 13:19:24.315 +02:00 [INF] Executed action RestaurantManageSystem.API.Controllers.MenuController.GetMenuItems (ResturantManageSystem.API) in 26.2713ms
2026-01-02 13:19:24.316 +02:00 [INF] Executed endpoint 'RestaurantManageSystem.API.Controllers.MenuController.GetMenuItems (ResturantManageSystem.API)'
2026-01-02 13:19:24.317 +02:00 [INF] Request finished HTTP/2 GET https://localhost:7054/api/menu/items?page=1&pageSize=100 - 200 null application/json; charset=utf-8 36.0241ms
